<testsuites id="" name="" tests="14" failures="12" skipped="0" errors="0" time="692.3392389999999">
<testsuite name="setup/auth.setup.spec.ts" timestamp="2025-11-09T22:38:43.621Z" hostname="setup" tests="1" failures="0" skipped="0" time="3.581" errors="0">
<testcase name="login y guarda sesión" classname="setup/auth.setup.spec.ts" time="3.581">
</testcase>
</testsuite>
<testsuite name="setup/auth.setup.spec.ts" timestamp="2025-11-09T22:38:43.621Z" hostname="chromium" tests="1" failures="0" skipped="0" time="5.07" errors="0">
<testcase name="login y guarda sesión" classname="setup/auth.setup.spec.ts" time="5.07">
</testcase>
</testsuite>
<testsuite name="ui/terceros-crear-oa.spec.ts" timestamp="2025-11-09T22:38:43.621Z" hostname="chromium" tests="12" failures="12" skipped="0" time="182.046" errors="0">
<testcase name="Terceros &gt; Crear tercero (pairwise t=2) › [1/12] Company / C:Yes / S:Yes / P:Yes / Spain / valid / local" classname="ui/terceros-crear-oa.spec.ts" time="17.108">
<properties>
<property name="feature" value="Third parties">
</property>
<property name="severity" value="critical">
</property>
</properties>
<failure message="terceros-crear-oa.spec.ts:93:5 [1/12] Company / C:Yes / S:Yes / P:Yes / Spain / valid / local" type="FAILURE">
<![CDATA[  [chromium] › ui/terceros-crear-oa.spec.ts:93:5 › Terceros > Crear tercero (pairwise t=2) › [1/12] Company / C:Yes / S:Yes / P:Yes / Spain / valid / local 

    Error: expect(locator).toBeVisible() failed

    Locator: locator('input').first()
    Expected: visible
    Timeout: 10000ms
    Error: element(s) not found

    Call log:
      - Expect "toBeVisible" with timeout 10000ms
      - waiting for locator('input').first()


      116 |           nameField = page.locator('input').nth(0); // fallback
      117 |         }
    > 118 |         await expect(nameField).toBeVisible({ timeout: 10000 });
          |                                 ^
      119 |         await nameField.fill(shortName);
      120 |
      121 |         // Alias name (opcional)
        at /work/tests/ui/terceros-crear-oa.spec.ts:118:33

    attachment #1: screenshot (image/png) ──────────────────────────────────────────────────────────
    ../test-results/ui-terceros-crear-oa-Terce-50682-Yes-P-Yes-Spain-valid-local-chromium/test-failed-1.png
    ────────────────────────────────────────────────────────────────────────────────────────────────

    attachment #2: video (video/webm) ──────────────────────────────────────────────────────────────
    ../test-results/ui-terceros-crear-oa-Terce-50682-Yes-P-Yes-Spain-valid-local-chromium/video.webm
    ────────────────────────────────────────────────────────────────────────────────────────────────

    Error Context: ../test-results/ui-terceros-crear-oa-Terce-50682-Yes-P-Yes-Spain-valid-local-chromium/error-context.md
]]>
</failure>
<system-out>
<![CDATA[🔓 Ya estás logueado

[[ATTACHMENT|../../test-results/ui-terceros-crear-oa-Terce-50682-Yes-P-Yes-Spain-valid-local-chromium/test-failed-1.png]]

[[ATTACHMENT|../../test-results/ui-terceros-crear-oa-Terce-50682-Yes-P-Yes-Spain-valid-local-chromium/video.webm]]

[[ATTACHMENT|../../test-results/ui-terceros-crear-oa-Terce-50682-Yes-P-Yes-Spain-valid-local-chromium/error-context.md]]
]]>
</system-out>
</testcase>
<testcase name="Terceros &gt; Crear tercero (pairwise t=2) › [2/12] Company / C:No / S:No / P:No / France / empty / intl" classname="ui/terceros-crear-oa.spec.ts" time="15.899">
<properties>
<property name="feature" value="Third parties">
</property>
<property name="severity" value="critical">
</property>
</properties>
<failure message="terceros-crear-oa.spec.ts:93:5 [2/12] Company / C:No / S:No / P:No / France / empty / intl" type="FAILURE">
<![CDATA[  [chromium] › ui/terceros-crear-oa.spec.ts:93:5 › Terceros > Crear tercero (pairwise t=2) › [2/12] Company / C:No / S:No / P:No / France / empty / intl 

    Error: expect(locator).toBeVisible() failed

    Locator: locator('input').first()
    Expected: visible
    Timeout: 10000ms
    Error: element(s) not found

    Call log:
      - Expect "toBeVisible" with timeout 10000ms
      - waiting for locator('input').first()


      116 |           nameField = page.locator('input').nth(0); // fallback
      117 |         }
    > 118 |         await expect(nameField).toBeVisible({ timeout: 10000 });
          |                                 ^
      119 |         await nameField.fill(shortName);
      120 |
      121 |         // Alias name (opcional)
        at /work/tests/ui/terceros-crear-oa.spec.ts:118:33

    attachment #1: screenshot (image/png) ──────────────────────────────────────────────────────────
    ../test-results/ui-terceros-crear-oa-Terce-0ad3b-S-No-P-No-France-empty-intl-chromium/test-failed-1.png
    ────────────────────────────────────────────────────────────────────────────────────────────────

    attachment #2: video (video/webm) ──────────────────────────────────────────────────────────────
    ../test-results/ui-terceros-crear-oa-Terce-0ad3b-S-No-P-No-France-empty-intl-chromium/video.webm
    ────────────────────────────────────────────────────────────────────────────────────────────────

    Error Context: ../test-results/ui-terceros-crear-oa-Terce-0ad3b-S-No-P-No-France-empty-intl-chromium/error-context.md
]]>
</failure>
<system-out>
<![CDATA[🔓 Ya estás logueado

[[ATTACHMENT|../../test-results/ui-terceros-crear-oa-Terce-0ad3b-S-No-P-No-France-empty-intl-chromium/test-failed-1.png]]

[[ATTACHMENT|../../test-results/ui-terceros-crear-oa-Terce-0ad3b-S-No-P-No-France-empty-intl-chromium/video.webm]]

[[ATTACHMENT|../../test-results/ui-terceros-crear-oa-Terce-0ad3b-S-No-P-No-France-empty-intl-chromium/error-context.md]]
]]>
</system-out>
</testcase>
<testcase name="Terceros &gt; Crear tercero (pairwise t=2) › [3/12] Individual / C:Yes / S:Yes / P:Yes / United States / empty / intl" classname="ui/terceros-crear-oa.spec.ts" time="15.025">
<properties>
<property name="feature" value="Third parties">
</property>
<property name="severity" value="critical">
</property>
</properties>
<failure message="terceros-crear-oa.spec.ts:93:5 [3/12] Individual / C:Yes / S:Yes / P:Yes / United States / empty / intl" type="FAILURE">
<![CDATA[  [chromium] › ui/terceros-crear-oa.spec.ts:93:5 › Terceros > Crear tercero (pairwise t=2) › [3/12] Individual / C:Yes / S:Yes / P:Yes / United States / empty / intl 

    Error: expect(locator).toBeVisible() failed

    Locator: locator('input').first()
    Expected: visible
    Timeout: 10000ms
    Error: element(s) not found

    Call log:
      - Expect "toBeVisible" with timeout 10000ms
      - waiting for locator('input').first()


      116 |           nameField = page.locator('input').nth(0); // fallback
      117 |         }
    > 118 |         await expect(nameField).toBeVisible({ timeout: 10000 });
          |                                 ^
      119 |         await nameField.fill(shortName);
      120 |
      121 |         // Alias name (opcional)
        at /work/tests/ui/terceros-crear-oa.spec.ts:118:33

    attachment #1: screenshot (image/png) ──────────────────────────────────────────────────────────
    ../test-results/ui-terceros-crear-oa-Terce-a381c-es-United-States-empty-intl-chromium/test-failed-1.png
    ────────────────────────────────────────────────────────────────────────────────────────────────

    attachment #2: video (video/webm) ──────────────────────────────────────────────────────────────
    ../test-results/ui-terceros-crear-oa-Terce-a381c-es-United-States-empty-intl-chromium/video.webm
    ────────────────────────────────────────────────────────────────────────────────────────────────

    Error Context: ../test-results/ui-terceros-crear-oa-Terce-a381c-es-United-States-empty-intl-chromium/error-context.md
]]>
</failure>
<system-out>
<![CDATA[🔓 Ya estás logueado

[[ATTACHMENT|../../test-results/ui-terceros-crear-oa-Terce-a381c-es-United-States-empty-intl-chromium/test-failed-1.png]]

[[ATTACHMENT|../../test-results/ui-terceros-crear-oa-Terce-a381c-es-United-States-empty-intl-chromium/video.webm]]

[[ATTACHMENT|../../test-results/ui-terceros-crear-oa-Terce-a381c-es-United-States-empty-intl-chromium/error-context.md]]
]]>
</system-out>
</testcase>
<testcase name="Terceros &gt; Crear tercero (pairwise t=2) › [4/12] Individual / C:No / S:No / P:No / Colombia / valid / local" classname="ui/terceros-crear-oa.spec.ts" time="15.875">
<properties>
<property name="feature" value="Third parties">
</property>
<property name="severity" value="critical">
</property>
</properties>
<failure message="terceros-crear-oa.spec.ts:93:5 [4/12] Individual / C:No / S:No / P:No / Colombia / valid / local" type="FAILURE">
<![CDATA[  [chromium] › ui/terceros-crear-oa.spec.ts:93:5 › Terceros > Crear tercero (pairwise t=2) › [4/12] Individual / C:No / S:No / P:No / Colombia / valid / local 

    Error: expect(locator).toBeVisible() failed

    Locator: locator('input').first()
    Expected: visible
    Timeout: 10000ms
    Error: element(s) not found

    Call log:
      - Expect "toBeVisible" with timeout 10000ms
      - waiting for locator('input').first()


      116 |           nameField = page.locator('input').nth(0); // fallback
      117 |         }
    > 118 |         await expect(nameField).toBeVisible({ timeout: 10000 });
          |                                 ^
      119 |         await nameField.fill(shortName);
      120 |
      121 |         // Alias name (opcional)
        at /work/tests/ui/terceros-crear-oa.spec.ts:118:33

    attachment #1: screenshot (image/png) ──────────────────────────────────────────────────────────
    ../test-results/ui-terceros-crear-oa-Terce-5bef7-o-P-No-Colombia-valid-local-chromium/test-failed-1.png
    ────────────────────────────────────────────────────────────────────────────────────────────────

    attachment #2: video (video/webm) ──────────────────────────────────────────────────────────────
    ../test-results/ui-terceros-crear-oa-Terce-5bef7-o-P-No-Colombia-valid-local-chromium/video.webm
    ────────────────────────────────────────────────────────────────────────────────────────────────

    Error Context: ../test-results/ui-terceros-crear-oa-Terce-5bef7-o-P-No-Colombia-valid-local-chromium/error-context.md
]]>
</failure>
<system-out>
<![CDATA[🔓 Ya estás logueado

[[ATTACHMENT|../../test-results/ui-terceros-crear-oa-Terce-5bef7-o-P-No-Colombia-valid-local-chromium/test-failed-1.png]]

[[ATTACHMENT|../../test-results/ui-terceros-crear-oa-Terce-5bef7-o-P-No-Colombia-valid-local-chromium/video.webm]]

[[ATTACHMENT|../../test-results/ui-terceros-crear-oa-Terce-5bef7-o-P-No-Colombia-valid-local-chromium/error-context.md]]
]]>
</system-out>
</testcase>
<testcase name="Terceros &gt; Crear tercero (pairwise t=2) › [5/12] Company / C:Yes / S:Yes / P:No / Colombia / valid / intl" classname="ui/terceros-crear-oa.spec.ts" time="16.075">
<properties>
<property name="feature" value="Third parties">
</property>
<property name="severity" value="critical">
</property>
</properties>
<failure message="terceros-crear-oa.spec.ts:93:5 [5/12] Company / C:Yes / S:Yes / P:No / Colombia / valid / intl" type="FAILURE">
<![CDATA[  [chromium] › ui/terceros-crear-oa.spec.ts:93:5 › Terceros > Crear tercero (pairwise t=2) › [5/12] Company / C:Yes / S:Yes / P:No / Colombia / valid / intl 

    Error: expect(locator).toBeVisible() failed

    Locator: locator('input').first()
    Expected: visible
    Timeout: 10000ms
    Error: element(s) not found

    Call log:
      - Expect "toBeVisible" with timeout 10000ms
      - waiting for locator('input').first()


      116 |           nameField = page.locator('input').nth(0); // fallback
      117 |         }
    > 118 |         await expect(nameField).toBeVisible({ timeout: 10000 });
          |                                 ^
      119 |         await nameField.fill(shortName);
      120 |
      121 |         // Alias name (opcional)
        at /work/tests/ui/terceros-crear-oa.spec.ts:118:33

    attachment #1: screenshot (image/png) ──────────────────────────────────────────────────────────
    ../test-results/ui-terceros-crear-oa-Terce-6ac57-es-P-No-Colombia-valid-intl-chromium/test-failed-1.png
    ────────────────────────────────────────────────────────────────────────────────────────────────

    attachment #2: video (video/webm) ──────────────────────────────────────────────────────────────
    ../test-results/ui-terceros-crear-oa-Terce-6ac57-es-P-No-Colombia-valid-intl-chromium/video.webm
    ────────────────────────────────────────────────────────────────────────────────────────────────

    Error Context: ../test-results/ui-terceros-crear-oa-Terce-6ac57-es-P-No-Colombia-valid-intl-chromium/error-context.md
]]>
</failure>
<system-out>
<![CDATA[🔓 Ya estás logueado

[[ATTACHMENT|../../test-results/ui-terceros-crear-oa-Terce-6ac57-es-P-No-Colombia-valid-intl-chromium/test-failed-1.png]]

[[ATTACHMENT|../../test-results/ui-terceros-crear-oa-Terce-6ac57-es-P-No-Colombia-valid-intl-chromium/video.webm]]

[[ATTACHMENT|../../test-results/ui-terceros-crear-oa-Terce-6ac57-es-P-No-Colombia-valid-intl-chromium/error-context.md]]
]]>
</system-out>
</testcase>
<testcase name="Terceros &gt; Crear tercero (pairwise t=2) › [6/12] Individual / C:Yes / S:No / P:Yes / France / valid / local" classname="ui/terceros-crear-oa.spec.ts" time="14.893">
<properties>
<property name="feature" value="Third parties">
</property>
<property name="severity" value="critical">
</property>
</properties>
<failure message="terceros-crear-oa.spec.ts:93:5 [6/12] Individual / C:Yes / S:No / P:Yes / France / valid / local" type="FAILURE">
<![CDATA[  [chromium] › ui/terceros-crear-oa.spec.ts:93:5 › Terceros > Crear tercero (pairwise t=2) › [6/12] Individual / C:Yes / S:No / P:Yes / France / valid / local 

    Error: expect(locator).toBeVisible() failed

    Locator: locator('input').first()
    Expected: visible
    Timeout: 10000ms
    Error: element(s) not found

    Call log:
      - Expect "toBeVisible" with timeout 10000ms
      - waiting for locator('input').first()


      116 |           nameField = page.locator('input').nth(0); // fallback
      117 |         }
    > 118 |         await expect(nameField).toBeVisible({ timeout: 10000 });
          |                                 ^
      119 |         await nameField.fill(shortName);
      120 |
      121 |         // Alias name (opcional)
        at /work/tests/ui/terceros-crear-oa.spec.ts:118:33

    attachment #1: screenshot (image/png) ──────────────────────────────────────────────────────────
    ../test-results/ui-terceros-crear-oa-Terce-f38d9-No-P-Yes-France-valid-local-chromium/test-failed-1.png
    ────────────────────────────────────────────────────────────────────────────────────────────────

    attachment #2: video (video/webm) ──────────────────────────────────────────────────────────────
    ../test-results/ui-terceros-crear-oa-Terce-f38d9-No-P-Yes-France-valid-local-chromium/video.webm
    ────────────────────────────────────────────────────────────────────────────────────────────────

    Error Context: ../test-results/ui-terceros-crear-oa-Terce-f38d9-No-P-Yes-France-valid-local-chromium/error-context.md
]]>
</failure>
<system-out>
<![CDATA[🔓 Ya estás logueado

[[ATTACHMENT|../../test-results/ui-terceros-crear-oa-Terce-f38d9-No-P-Yes-France-valid-local-chromium/test-failed-1.png]]

[[ATTACHMENT|../../test-results/ui-terceros-crear-oa-Terce-f38d9-No-P-Yes-France-valid-local-chromium/video.webm]]

[[ATTACHMENT|../../test-results/ui-terceros-crear-oa-Terce-f38d9-No-P-Yes-France-valid-local-chromium/error-context.md]]
]]>
</system-out>
</testcase>
<testcase name="Terceros &gt; Crear tercero (pairwise t=2) › [7/12] Company / C:No / S:Yes / P:No / United States / valid / local" classname="ui/terceros-crear-oa.spec.ts" time="14.477">
<properties>
<property name="feature" value="Third parties">
</property>
<property name="severity" value="critical">
</property>
</properties>
<failure message="terceros-crear-oa.spec.ts:93:5 [7/12] Company / C:No / S:Yes / P:No / United States / valid / local" type="FAILURE">
<![CDATA[  [chromium] › ui/terceros-crear-oa.spec.ts:93:5 › Terceros > Crear tercero (pairwise t=2) › [7/12] Company / C:No / S:Yes / P:No / United States / valid / local 

    Error: expect(locator).toBeVisible() failed

    Locator: locator('input').first()
    Expected: visible
    Timeout: 10000ms
    Error: element(s) not found

    Call log:
      - Expect "toBeVisible" with timeout 10000ms
      - waiting for locator('input').first()


      116 |           nameField = page.locator('input').nth(0); // fallback
      117 |         }
    > 118 |         await expect(nameField).toBeVisible({ timeout: 10000 });
          |                                 ^
      119 |         await nameField.fill(shortName);
      120 |
      121 |         // Alias name (opcional)
        at /work/tests/ui/terceros-crear-oa.spec.ts:118:33

    attachment #1: screenshot (image/png) ──────────────────────────────────────────────────────────
    ../test-results/ui-terceros-crear-oa-Terce-270b4-o-United-States-valid-local-chromium/test-failed-1.png
    ────────────────────────────────────────────────────────────────────────────────────────────────

    attachment #2: video (video/webm) ──────────────────────────────────────────────────────────────
    ../test-results/ui-terceros-crear-oa-Terce-270b4-o-United-States-valid-local-chromium/video.webm
    ────────────────────────────────────────────────────────────────────────────────────────────────

    Error Context: ../test-results/ui-terceros-crear-oa-Terce-270b4-o-United-States-valid-local-chromium/error-context.md
]]>
</failure>
<system-out>
<![CDATA[🔓 Ya estás logueado

[[ATTACHMENT|../../test-results/ui-terceros-crear-oa-Terce-270b4-o-United-States-valid-local-chromium/test-failed-1.png]]

[[ATTACHMENT|../../test-results/ui-terceros-crear-oa-Terce-270b4-o-United-States-valid-local-chromium/video.webm]]

[[ATTACHMENT|../../test-results/ui-terceros-crear-oa-Terce-270b4-o-United-States-valid-local-chromium/error-context.md]]
]]>
</system-out>
</testcase>
<testcase name="Terceros &gt; Crear tercero (pairwise t=2) › [8/12] Individual / C:No / S:No / P:No / Spain / empty / local" classname="ui/terceros-crear-oa.spec.ts" time="14.334">
<properties>
<property name="feature" value="Third parties">
</property>
<property name="severity" value="critical">
</property>
</properties>
<failure message="terceros-crear-oa.spec.ts:93:5 [8/12] Individual / C:No / S:No / P:No / Spain / empty / local" type="FAILURE">
<![CDATA[  [chromium] › ui/terceros-crear-oa.spec.ts:93:5 › Terceros > Crear tercero (pairwise t=2) › [8/12] Individual / C:No / S:No / P:No / Spain / empty / local 

    Error: expect(locator).toBeVisible() failed

    Locator: locator('input').first()
    Expected: visible
    Timeout: 10000ms
    Error: element(s) not found

    Call log:
      - Expect "toBeVisible" with timeout 10000ms
      - waiting for locator('input').first()


      116 |           nameField = page.locator('input').nth(0); // fallback
      117 |         }
    > 118 |         await expect(nameField).toBeVisible({ timeout: 10000 });
          |                                 ^
      119 |         await nameField.fill(shortName);
      120 |
      121 |         // Alias name (opcional)
        at /work/tests/ui/terceros-crear-oa.spec.ts:118:33

    attachment #1: screenshot (image/png) ──────────────────────────────────────────────────────────
    ../test-results/ui-terceros-crear-oa-Terce-dd81c-S-No-P-No-Spain-empty-local-chromium/test-failed-1.png
    ────────────────────────────────────────────────────────────────────────────────────────────────

    attachment #2: video (video/webm) ──────────────────────────────────────────────────────────────
    ../test-results/ui-terceros-crear-oa-Terce-dd81c-S-No-P-No-Spain-empty-local-chromium/video.webm
    ────────────────────────────────────────────────────────────────────────────────────────────────

    Error Context: ../test-results/ui-terceros-crear-oa-Terce-dd81c-S-No-P-No-Spain-empty-local-chromium/error-context.md
]]>
</failure>
<system-out>
<![CDATA[🔓 Ya estás logueado

[[ATTACHMENT|../../test-results/ui-terceros-crear-oa-Terce-dd81c-S-No-P-No-Spain-empty-local-chromium/test-failed-1.png]]

[[ATTACHMENT|../../test-results/ui-terceros-crear-oa-Terce-dd81c-S-No-P-No-Spain-empty-local-chromium/video.webm]]

[[ATTACHMENT|../../test-results/ui-terceros-crear-oa-Terce-dd81c-S-No-P-No-Spain-empty-local-chromium/error-context.md]]
]]>
</system-out>
</testcase>
<testcase name="Terceros &gt; Crear tercero (pairwise t=2) › [9/12] Company / C:Yes / S:Yes / P:Yes / Colombia / empty / local" classname="ui/terceros-crear-oa.spec.ts" time="14.961">
<properties>
<property name="feature" value="Third parties">
</property>
<property name="severity" value="critical">
</property>
</properties>
<failure message="terceros-crear-oa.spec.ts:93:5 [9/12] Company / C:Yes / S:Yes / P:Yes / Colombia / empty / local" type="FAILURE">
<![CDATA[  [chromium] › ui/terceros-crear-oa.spec.ts:93:5 › Terceros > Crear tercero (pairwise t=2) › [9/12] Company / C:Yes / S:Yes / P:Yes / Colombia / empty / local 

    Error: expect(locator).toBeVisible() failed

    Locator: locator('input').first()
    Expected: visible
    Timeout: 10000ms
    Error: element(s) not found

    Call log:
      - Expect "toBeVisible" with timeout 10000ms
      - waiting for locator('input').first()


      116 |           nameField = page.locator('input').nth(0); // fallback
      117 |         }
    > 118 |         await expect(nameField).toBeVisible({ timeout: 10000 });
          |                                 ^
      119 |         await nameField.fill(shortName);
      120 |
      121 |         // Alias name (opcional)
        at /work/tests/ui/terceros-crear-oa.spec.ts:118:33

    attachment #1: screenshot (image/png) ──────────────────────────────────────────────────────────
    ../test-results/ui-terceros-crear-oa-Terce-0ec03--P-Yes-Colombia-empty-local-chromium/test-failed-1.png
    ────────────────────────────────────────────────────────────────────────────────────────────────

    attachment #2: video (video/webm) ──────────────────────────────────────────────────────────────
    ../test-results/ui-terceros-crear-oa-Terce-0ec03--P-Yes-Colombia-empty-local-chromium/video.webm
    ────────────────────────────────────────────────────────────────────────────────────────────────

    Error Context: ../test-results/ui-terceros-crear-oa-Terce-0ec03--P-Yes-Colombia-empty-local-chromium/error-context.md
]]>
</failure>
<system-out>
<![CDATA[🔓 Ya estás logueado

[[ATTACHMENT|../../test-results/ui-terceros-crear-oa-Terce-0ec03--P-Yes-Colombia-empty-local-chromium/test-failed-1.png]]

[[ATTACHMENT|../../test-results/ui-terceros-crear-oa-Terce-0ec03--P-Yes-Colombia-empty-local-chromium/video.webm]]

[[ATTACHMENT|../../test-results/ui-terceros-crear-oa-Terce-0ec03--P-Yes-Colombia-empty-local-chromium/error-context.md]]
]]>
</system-out>
</testcase>
<testcase name="Terceros &gt; Crear tercero (pairwise t=2) › [10/12] Company / C:Yes / S:Yes / P:Yes / Spain / valid / intl" classname="ui/terceros-crear-oa.spec.ts" time="14.176">
<properties>
<property name="feature" value="Third parties">
</property>
<property name="severity" value="critical">
</property>
</properties>
<failure message="terceros-crear-oa.spec.ts:93:5 [10/12] Company / C:Yes / S:Yes / P:Yes / Spain / valid / intl" type="FAILURE">
<![CDATA[  [chromium] › ui/terceros-crear-oa.spec.ts:93:5 › Terceros > Crear tercero (pairwise t=2) › [10/12] Company / C:Yes / S:Yes / P:Yes / Spain / valid / intl 

    Error: expect(locator).toBeVisible() failed

    Locator: locator('input').first()
    Expected: visible
    Timeout: 10000ms
    Error: element(s) not found

    Call log:
      - Expect "toBeVisible" with timeout 10000ms
      - waiting for locator('input').first()


      116 |           nameField = page.locator('input').nth(0); // fallback
      117 |         }
    > 118 |         await expect(nameField).toBeVisible({ timeout: 10000 });
          |                                 ^
      119 |         await nameField.fill(shortName);
      120 |
      121 |         // Alias name (opcional)
        at /work/tests/ui/terceros-crear-oa.spec.ts:118:33

    attachment #1: screenshot (image/png) ──────────────────────────────────────────────────────────
    ../test-results/ui-terceros-crear-oa-Terce-8e897--Yes-P-Yes-Spain-valid-intl-chromium/test-failed-1.png
    ────────────────────────────────────────────────────────────────────────────────────────────────

    attachment #2: video (video/webm) ──────────────────────────────────────────────────────────────
    ../test-results/ui-terceros-crear-oa-Terce-8e897--Yes-P-Yes-Spain-valid-intl-chromium/video.webm
    ────────────────────────────────────────────────────────────────────────────────────────────────

    Error Context: ../test-results/ui-terceros-crear-oa-Terce-8e897--Yes-P-Yes-Spain-valid-intl-chromium/error-context.md
]]>
</failure>
<system-out>
<![CDATA[🔓 Ya estás logueado

[[ATTACHMENT|../../test-results/ui-terceros-crear-oa-Terce-8e897--Yes-P-Yes-Spain-valid-intl-chromium/test-failed-1.png]]

[[ATTACHMENT|../../test-results/ui-terceros-crear-oa-Terce-8e897--Yes-P-Yes-Spain-valid-intl-chromium/video.webm]]

[[ATTACHMENT|../../test-results/ui-terceros-crear-oa-Terce-8e897--Yes-P-Yes-Spain-valid-intl-chromium/error-context.md]]
]]>
</system-out>
</testcase>
<testcase name="Terceros &gt; Crear tercero (pairwise t=2) › [11/12] Company / C:Yes / S:Yes / P:Yes / France / valid / local" classname="ui/terceros-crear-oa.spec.ts" time="14.562">
<properties>
<property name="feature" value="Third parties">
</property>
<property name="severity" value="critical">
</property>
</properties>
<failure message="terceros-crear-oa.spec.ts:93:5 [11/12] Company / C:Yes / S:Yes / P:Yes / France / valid / local" type="FAILURE">
<![CDATA[  [chromium] › ui/terceros-crear-oa.spec.ts:93:5 › Terceros > Crear tercero (pairwise t=2) › [11/12] Company / C:Yes / S:Yes / P:Yes / France / valid / local 

    Error: expect(locator).toBeVisible() failed

    Locator: locator('input').first()
    Expected: visible
    Timeout: 10000ms
    Error: element(s) not found

    Call log:
      - Expect "toBeVisible" with timeout 10000ms
      - waiting for locator('input').first()


      116 |           nameField = page.locator('input').nth(0); // fallback
      117 |         }
    > 118 |         await expect(nameField).toBeVisible({ timeout: 10000 });
          |                                 ^
      119 |         await nameField.fill(shortName);
      120 |
      121 |         // Alias name (opcional)
        at /work/tests/ui/terceros-crear-oa.spec.ts:118:33

    attachment #1: screenshot (image/png) ──────────────────────────────────────────────────────────
    ../test-results/ui-terceros-crear-oa-Terce-137ed-es-P-Yes-France-valid-local-chromium/test-failed-1.png
    ────────────────────────────────────────────────────────────────────────────────────────────────

    attachment #2: video (video/webm) ──────────────────────────────────────────────────────────────
    ../test-results/ui-terceros-crear-oa-Terce-137ed-es-P-Yes-France-valid-local-chromium/video.webm
    ────────────────────────────────────────────────────────────────────────────────────────────────

    Error Context: ../test-results/ui-terceros-crear-oa-Terce-137ed-es-P-Yes-France-valid-local-chromium/error-context.md
]]>
</failure>
<system-out>
<![CDATA[🔓 Ya estás logueado

[[ATTACHMENT|../../test-results/ui-terceros-crear-oa-Terce-137ed-es-P-Yes-France-valid-local-chromium/test-failed-1.png]]

[[ATTACHMENT|../../test-results/ui-terceros-crear-oa-Terce-137ed-es-P-Yes-France-valid-local-chromium/video.webm]]

[[ATTACHMENT|../../test-results/ui-terceros-crear-oa-Terce-137ed-es-P-Yes-France-valid-local-chromium/error-context.md]]
]]>
</system-out>
</testcase>
<testcase name="Terceros &gt; Crear tercero (pairwise t=2) › [12/12] Company / C:Yes / S:No / P:Yes / United States / valid / local" classname="ui/terceros-crear-oa.spec.ts" time="14.661">
<properties>
<property name="feature" value="Third parties">
</property>
<property name="severity" value="critical">
</property>
</properties>
<failure message="terceros-crear-oa.spec.ts:93:5 [12/12] Company / C:Yes / S:No / P:Yes / United States / valid / local" type="FAILURE">
<![CDATA[  [chromium] › ui/terceros-crear-oa.spec.ts:93:5 › Terceros > Crear tercero (pairwise t=2) › [12/12] Company / C:Yes / S:No / P:Yes / United States / valid / local 

    Error: expect(locator).toBeVisible() failed

    Locator: locator('input').first()
    Expected: visible
    Timeout: 10000ms
    Error: element(s) not found

    Call log:
      - Expect "toBeVisible" with timeout 10000ms
      - waiting for locator('input').first()


      116 |           nameField = page.locator('input').nth(0); // fallback
      117 |         }
    > 118 |         await expect(nameField).toBeVisible({ timeout: 10000 });
          |                                 ^
      119 |         await nameField.fill(shortName);
      120 |
      121 |         // Alias name (opcional)
        at /work/tests/ui/terceros-crear-oa.spec.ts:118:33

    attachment #1: screenshot (image/png) ──────────────────────────────────────────────────────────
    ../test-results/ui-terceros-crear-oa-Terce-91f6d-s-United-States-valid-local-chromium/test-failed-1.png
    ────────────────────────────────────────────────────────────────────────────────────────────────

    attachment #2: video (video/webm) ──────────────────────────────────────────────────────────────
    ../test-results/ui-terceros-crear-oa-Terce-91f6d-s-United-States-valid-local-chromium/video.webm
    ────────────────────────────────────────────────────────────────────────────────────────────────

    Error Context: ../test-results/ui-terceros-crear-oa-Terce-91f6d-s-United-States-valid-local-chromium/error-context.md
]]>
</failure>
<system-out>
<![CDATA[🔓 Ya estás logueado

[[ATTACHMENT|../../test-results/ui-terceros-crear-oa-Terce-91f6d-s-United-States-valid-local-chromium/test-failed-1.png]]

[[ATTACHMENT|../../test-results/ui-terceros-crear-oa-Terce-91f6d-s-United-States-valid-local-chromium/video.webm]]

[[ATTACHMENT|../../test-results/ui-terceros-crear-oa-Terce-91f6d-s-United-States-valid-local-chromium/error-context.md]]
]]>
</system-out>
</testcase>
</testsuite>
</testsuites>